# JRE version: OpenJDK Runtime Environment (8.0_151-b12) (build 1.8.0_151-8u151-b12-0ubuntu0.16.04.2-b12)
# Java VM: OpenJDK 64-Bit Server VM (25.151-b12 mixed mode linux-amd64 compressed oops)
Heap:
 PSYoungGen      total 754176K, used 223816K [0x000000076cd80000, 0x00000007bd180000, 0x00000007c0000000)
  eden space 300032K, 0% used [0x000000076cd80000,0x000000076cd80000,0x000000077f280000)
  from space 454144K, 49% used [0x000000077f280000,0x000000078cd123b0,0x000000079ae00000)
  to   space 454144K, 0% used [0x00000007a1600000,0x00000007a1600000,0x00000007bd180000)
 ParOldGen       total 1731072K, used 1731065K [0x00000006c6800000, 0x0000000730280000, 0x000000076cd80000)
  object space 1731072K, 99% used [0x00000006c6800000,0x000000073027e5b8,0x0000000730280000)
 Metaspace       used 8823K, capacity 9564K, committed 9728K, reserved 1058816K
  class space    used 1052K, capacity 1218K, committed 1280K, reserved 1048576K
GC Heap History (10 events):
Event: 83.792 GC heap after
Heap after GC invocations=11 (full 3):
 PSYoungGen      total 638464K, used 407040K [0x000000076cd80000, 0x00000007b6b00000, 0x00000007c0000000)
  eden space 231424K, 0% used [0x000000076cd80000,0x000000076cd80000,0x000000077af80000)
  from space 407040K, 100% used [0x0000000796b00000,0x00000007af880000,0x00000007af880000)
  to   space 454144K, 0% used [0x000000077af80000,0x000000077af80000,0x0000000796b00000)
 ParOldGen       total 1058304K, used 786330K [0x00000006c6800000, 0x0000000707180000, 0x000000076cd80000)
  object space 1058304K, 74% used [0x00000006c6800000,0x00000006f67e6930,0x0000000707180000)
 Metaspace       used 8823K, capacity 9564K, committed 9728K, reserved 1058816K
  class space    used 1052K, capacity 1218K, committed 1280K, reserved 1048576K
}
Event: 84.330 GC heap before
{Heap before GC invocations=12 (full 3):
 PSYoungGen      total 638464K, used 638464K [0x000000076cd80000, 0x00000007b6b00000, 0x00000007c0000000)
  eden space 231424K, 100% used [0x000000076cd80000,0x000000077af80000,0x000000077af80000)
  from space 407040K, 100% used [0x0000000796b00000,0x00000007af880000,0x00000007af880000)
  to   space 454144K, 0% used [0x000000077af80000,0x000000077af80000,0x0000000796b00000)
 ParOldGen       total 1058304K, used 786330K [0x00000006c6800000, 0x0000000707180000, 0x000000076cd80000)
  object space 1058304K, 74% used [0x00000006c6800000,0x00000006f67e6930,0x0000000707180000)
 Metaspace       used 8823K, capacity 9564K, committed 9728K, reserved 1058816K
  class space    used 1052K, capacity 1218K, committed 1280K, reserved 1048576K
Event: 87.467 GC heap after
Heap after GC invocations=12 (full 3):
 PSYoungGen      total 685568K, used 449824K [0x000000076cd80000, 0x00000007b7c00000, 0x00000007c0000000)
  eden space 231424K, 0% used [0x000000076cd80000,0x000000076cd80000,0x000000077af80000)
  from space 454144K, 99% used [0x000000077af80000,0x00000007966c8000,0x0000000796b00000)
  to   space 454144K, 0% used [0x000000079c080000,0x000000079c080000,0x00000007b7c00000)
 ParOldGen       total 1058304K, used 975794K [0x00000006c6800000, 0x0000000707180000, 0x000000076cd80000)
  object space 1058304K, 92% used [0x00000006c6800000,0x00000007020ec930,0x0000000707180000)
 Metaspace       used 8823K, capacity 9564K, committed 9728K, reserved 1058816K
  class space    used 1052K, capacity 1218K, committed 1280K, reserved 1048576K
}
Event: 87.467 GC heap before
{Heap before GC invocations=13 (full 4):
 PSYoungGen      total 685568K, used 449824K [0x000000076cd80000, 0x00000007b7c00000, 0x00000007c0000000)
  eden space 231424K, 0% used [0x000000076cd80000,0x000000076cd80000,0x000000077af80000)
  from space 454144K, 99% used [0x000000077af80000,0x00000007966c8000,0x0000000796b00000)
  to   space 454144K, 0% used [0x000000079c080000,0x000000079c080000,0x00000007b7c00000)
 ParOldGen       total 1058304K, used 975794K [0x00000006c6800000, 0x0000000707180000, 0x000000076cd80000)
  object space 1058304K, 92% used [0x00000006c6800000,0x00000007020ec930,0x0000000707180000)
 Metaspace       used 8823K, capacity 9564K, committed 9728K, reserved 1058816K
  class space    used 1052K, capacity 1218K, committed 1280K, reserved 1048576K
Event: 134.320 GC heap after
Heap after GC invocations=13 (full 4):
 PSYoungGen      total 685568K, used 365467K [0x000000076cd80000, 0x00000007b7c00000, 0x00000007c0000000)
  eden space 231424K, 0% used [0x000000076cd80000,0x000000076cd80000,0x000000077af80000)
  from space 454144K, 80% used [0x000000077af80000,0x0000000791466f20,0x0000000796b00000)
  to   space 454144K, 0% used [0x000000079c080000,0x000000079c080000,0x00000007b7c00000)
 ParOldGen       total 1731072K, used 1057960K [0x00000006c6800000, 0x0000000730280000, 0x000000076cd80000)
  object space 1731072K, 61% used [0x00000006c6800000,0x000000070712a3d8,0x0000000730280000)
 Metaspace       used 8823K, capacity 9564K, committed 9728K, reserved 1058816K
  class space    used 1052K, capacity 1218K, committed 1280K, reserved 1048576K
}
Event: 134.799 GC heap before
{Heap before GC invocations=14 (full 4):
 PSYoungGen      total 685568K, used 596891K [0x000000076cd80000, 0x00000007b7c00000, 0x00000007c0000000)
  eden space 231424K, 100% used [0x000000076cd80000,0x000000077af80000,0x000000077af80000)
  from space 454144K, 80% used [0x000000077af80000,0x0000000791466f20,0x0000000796b00000)
  to   space 454144K, 0% used [0x000000079c080000,0x000000079c080000,0x00000007b7c00000)
 ParOldGen       total 1731072K, used 1057960K [0x00000006c6800000, 0x0000000730280000, 0x000000076cd80000)
  object space 1731072K, 61% used [0x00000006c6800000,0x000000070712a3d8,0x0000000730280000)
 Metaspace       used 8823K, capacity 9564K, committed 9728K, reserved 1058816K
  class space    used 1052K, capacity 1218K, committed 1280K, reserved 1048576K
Event: 138.931 GC heap after
Heap after GC invocations=14 (full 4):
 PSYoungGen      total 735232K, used 418176K [0x000000076cd80000, 0x00000007b6980000, 0x00000007c0000000)
  eden space 300032K, 0% used [0x000000076cd80000,0x000000076cd80000,0x000000077f280000)
  from space 435200K, 96% used [0x000000079c080000,0x00000007b58e0000,0x00000007b6980000)
  to   space 454144K, 0% used [0x000000077f280000,0x000000077f280000,0x000000079ae00000)
 ParOldGen       total 1731072K, used 1237856K [0x00000006c6800000, 0x0000000730280000, 0x000000076cd80000)
  object space 1731072K, 71% used [0x00000006c6800000,0x00000007120d83d8,0x0000000730280000)
 Metaspace       used 8823K, capacity 9564K, committed 9728K, reserved 1058816K
  class space    used 1052K, capacity 1218K, committed 1280K, reserved 1048576K
}
Event: 139.529 GC heap before
{Heap before GC invocations=15 (full 4):
 PSYoungGen      total 735232K, used 718208K [0x000000076cd80000, 0x00000007b6980000, 0x00000007c0000000)
  eden space 300032K, 100% used [0x000000076cd80000,0x000000077f280000,0x000000077f280000)
  from space 435200K, 96% used [0x000000079c080000,0x00000007b58e0000,0x00000007b6980000)
  to   space 454144K, 0% used [0x000000077f280000,0x000000077f280000,0x000000079ae00000)
 ParOldGen       total 1731072K, used 1237856K [0x00000006c6800000, 0x0000000730280000, 0x000000076cd80000)
  object space 1731072K, 71% used [0x00000006c6800000,0x00000007120d83d8,0x0000000730280000)
 Metaspace       used 8823K, capacity 9564K, committed 9728K, reserved 1058816K
  class space    used 1052K, capacity 1218K, committed 1280K, reserved 1048576K
Event: 144.342 GC heap after
Heap after GC invocations=15 (full 4):
 PSYoungGen      total 754176K, used 300384K [0x000000076cd80000, 0x00000007bd180000, 0x00000007c0000000)
  eden space 300032K, 0% used [0x000000076cd80000,0x000000076cd80000,0x000000077f280000)
  from space 454144K, 66% used [0x000000077f280000,0x00000007917d8000,0x000000079ae00000)
  to   space 454144K, 0% used [0x00000007a1600000,0x00000007a1600000,0x00000007bd180000)
 ParOldGen       total 1731072K, used 1657216K [0x00000006c6800000, 0x0000000730280000, 0x000000076cd80000)
  object space 1731072K, 95% used [0x00000006c6800000,0x000000072ba603d8,0x0000000730280000)
 Metaspace       used 8823K, capacity 9564K, committed 9728K, reserved 1058816K
  class space    used 1052K, capacity 1218K, committed 1280K, reserved 1048576K
}
Event: 144.342 GC heap before
{Heap before GC invocations=16 (full 5):
 PSYoungGen      total 754176K, used 300384K [0x000000076cd80000, 0x00000007bd180000, 0x00000007c0000000)
  eden space 300032K, 0% used [0x000000076cd80000,0x000000076cd80000,0x000000077f280000)
  from space 454144K, 66% used [0x000000077f280000,0x00000007917d8000,0x000000079ae00000)
  to   space 454144K, 0% used [0x00000007a1600000,0x00000007a1600000,0x00000007bd180000)
 ParOldGen       total 1731072K, used 1657216K [0x00000006c6800000, 0x0000000730280000, 0x000000076cd80000)
  object space 1731072K, 95% used [0x00000006c6800000,0x000000072ba603d8,0x0000000730280000)
 Metaspace       used 8823K, capacity 9564K, committed 9728K, reserved 1058816K
  class space    used 1052K, capacity 1218K, committed 1280K, reserved 1048576K

